[2026-04-15T16:46:50.256122+00:00] Noetic-Database-Listener.INFO: testtest [] []
[2026-04-15T16:47:07.811130+00:00] Noetic-Database-Listener.INFO: testtest [] []
[2026-04-15T16:47:18.053060+00:00] Noetic-Database-Listener.INFO: testtest [] []
[2026-04-15T16:47:18.851692+00:00] Noetic-Database-Listener.INFO: testtest [] []
[2026-04-15T16:47:19.476078+00:00] Noetic-Database-Listener.INFO: testtest [] []
[2026-04-16T00:27:01.110283+00:00] Noetic-Database-Listener.INFO: testtest [] []
[2026-04-16T00:27:13.119267+00:00] Noetic-Database-Listener.INFO: testtest [] []
[2026-04-16T00:42:08.977640+00:00] Noetic-Database-Listener.INFO: testtest [] []
[2026-04-16T00:48:20.582234+00:00] Noetic-Database-Listener.INFO: testtest [] []
[2026-04-16T00:48:33.071493+00:00] Noetic-Database-Listener.INFO: testtest [] []
[2026-04-16T00:51:54.364691+00:00] Noetic-Database-Listener.INFO: testtest [] []
[2026-04-16T01:05:48.672032+00:00] Noetic-Database-Listener.INFO: testtest [] []
[2026-04-16T01:09:28.336082+00:00] Noetic-Database-Listener.INFO: testtest [] []
[2026-04-16T01:09:57.029695+00:00] Noetic-Database-Listener.INFO: testtest [] []
[2026-04-16T01:10:24.223972+00:00] Noetic-Database-Listener.INFO: testtest [] []
[2026-04-16T01:12:16.907224+00:00] Noetic-Database-Listener.INFO: testtest [] []
[2026-04-16T01:12:32.427243+00:00] Noetic-Database-Listener.INFO: testtest [] []
[2026-04-16T01:13:31.182742+00:00] Noetic-Database-Listener.INFO: testtest [] []
[2026-04-16T01:17:23.990138+00:00] Noetic-Database-Listener.INFO: testtest [] []
[2026-04-16T01:53:41.097506+00:00] Noetic-Database-Listener.INFO: testtest | broker [] []
[2026-04-16T01:54:50.673082+00:00] Noetic-Database-Listener.INFO: testtest | broker [] []
[2026-04-16T03:16:58.256398+00:00] Noetic-Database-Listener-broker.INFO: SUCCESS: Registered:day [] []
[2026-04-16T03:16:58.257559+00:00] Noetic-Database-Listener-broker.INFO: user created, registration success! [] []
[2026-04-16T03:17:58.290045+00:00] Noetic-Database-Listener-broker.INFO: Login successful day [] []
[2026-04-16T03:17:58.290825+00:00] Noetic-Database-Listener-broker.INFO: Logged in! [] []
[2026-04-16T03:17:58.326083+00:00] Noetic-Database-Listener-broker.INFO: SUCCESS: Book search for query:  found 10 results [] []
[2026-04-16T03:17:58.326803+00:00] Noetic-Database-Listener-broker.INFO: Book search completed! [] []
[2026-04-16T03:29:21.019777+00:00] Noetic-Database-Listener-broker.ERROR: ERROR: Failed to cache book: Column 'title' cannot be null  [] []
[2026-04-16T03:29:21.051750+00:00] Noetic-Database-Listener-broker.INFO: SUCCESS: Books have been cached [] []
[2026-04-16T03:29:21.111585+00:00] Noetic-Database-Listener-broker.INFO: SUCCESS: Books have been cached [] []
[2026-04-16T03:29:21.151179+00:00] Noetic-Database-Listener-broker.INFO: SUCCESS: Books have been cached [] []
[2026-04-16T03:29:21.177896+00:00] Noetic-Database-Listener-broker.INFO: SUCCESS: Books have been cached [] []
[2026-04-16T03:29:21.196868+00:00] Noetic-Database-Listener-broker.INFO: SUCCESS: Books have been cached [] []
[2026-04-16T03:29:21.224752+00:00] Noetic-Database-Listener-broker.INFO: SUCCESS: Books have been cached [] []
[2026-04-16T03:29:21.246381+00:00] Noetic-Database-Listener-broker.INFO: SUCCESS: Books have been cached [] []
[2026-04-16T03:29:21.273713+00:00] Noetic-Database-Listener-broker.INFO: SUCCESS: Books have been cached [] []
[2026-04-16T03:29:21.274959+00:00] Noetic-Database-Listener-broker.ERROR: ERROR: Failed to cache book: Out of range value for column 'published_year' at row 1  [] []
[2026-04-16T03:29:21.275490+00:00] Noetic-Database-Listener-broker.INFO: SUCCESS: Book search for query: acotar found 1 results [] []
[2026-04-16T03:29:21.275705+00:00] Noetic-Database-Listener-broker.INFO: Book search completed! [] []
[2026-04-16T03:31:45.394321+00:00] Noetic-Database-Listener-broker.INFO: SUCCESS: Book search for query: david found 1 results [] []
[2026-04-16T03:31:45.394947+00:00] Noetic-Database-Listener-broker.INFO: Book search completed! [] []
[2026-04-16T04:56:17.942620+00:00] Noetic-Database-Listener-broker.INFO: Login successful day [] []
[2026-04-16T04:56:17.943160+00:00] Noetic-Database-Listener-broker.INFO: Logged in! [] []
[2026-04-16T04:56:17.992420+00:00] Noetic-Database-Listener-broker.INFO: SUCCESS: Book search for query:  found 18 results [] []
[2026-04-16T04:56:17.992787+00:00] Noetic-Database-Listener-broker.INFO: Book search completed! [] []
[2026-04-16T04:56:53.001050+00:00] Noetic-Database-Listener-broker.INFO: SUCCESS: Books have been cached [] []
[2026-04-16T04:56:53.030349+00:00] Noetic-Database-Listener-broker.INFO: SUCCESS: Books have been cached [] []
[2026-04-16T04:56:53.049056+00:00] Noetic-Database-Listener-broker.INFO: SUCCESS: Books have been cached [] []
[2026-04-16T04:56:53.078823+00:00] Noetic-Database-Listener-broker.INFO: SUCCESS: Books have been cached [] []
[2026-04-16T04:56:53.117014+00:00] Noetic-Database-Listener-broker.INFO: SUCCESS: Books have been cached [] []
[2026-04-16T04:56:53.143563+00:00] Noetic-Database-Listener-broker.INFO: SUCCESS: Books have been cached [] []
[2026-04-16T04:56:53.164915+00:00] Noetic-Database-Listener-broker.INFO: SUCCESS: Books have been cached [] []
[2026-04-16T04:56:53.184521+00:00] Noetic-Database-Listener-broker.INFO: SUCCESS: Books have been cached [] []
[2026-04-16T04:56:53.210847+00:00] Noetic-Database-Listener-broker.INFO: SUCCESS: Books have been cached [] []
[2026-04-16T04:56:53.236762+00:00] Noetic-Database-Listener-broker.INFO: SUCCESS: Books have been cached [] []
[2026-04-16T04:56:53.237735+00:00] Noetic-Database-Listener-broker.INFO: SUCCESS: Book search for query: jojo found 10 results [] []
[2026-04-16T04:56:53.237995+00:00] Noetic-Database-Listener-broker.INFO: Book search completed! [] []
[2026-04-16T04:56:53.239920+00:00] Noetic-Database-Listener-broker.INFO: SUCCESS: Book search for query: jo found 10 results [] []
[2026-04-16T04:56:53.240223+00:00] Noetic-Database-Listener-broker.INFO: Book search completed! [] []
[2026-04-16T04:59:48.556459+00:00] Noetic-Database-Listener-broker.INFO: SUCCESS: Book search for query: jojo found 10 results [] []
[2026-04-16T04:59:48.556913+00:00] Noetic-Database-Listener-broker.INFO: Book search completed! [] []
[2026-04-16T05:02:03.344390+00:00] Noetic-Database-Listener-broker.INFO: SUCCESS: Books have been cached [] []
[2026-04-16T05:02:03.363622+00:00] Noetic-Database-Listener-broker.INFO: SUCCESS: Books have been cached [] []
[2026-04-16T05:02:03.382445+00:00] Noetic-Database-Listener-broker.INFO: SUCCESS: Books have been cached [] []
[2026-04-16T05:02:03.401707+00:00] Noetic-Database-Listener-broker.INFO: SUCCESS: Books have been cached [] []
[2026-04-16T05:02:03.435135+00:00] Noetic-Database-Listener-broker.INFO: SUCCESS: Books have been cached [] []
[2026-04-16T05:02:03.455930+00:00] Noetic-Database-Listener-broker.INFO: SUCCESS: Books have been cached [] []
[2026-04-16T05:02:03.477823+00:00] Noetic-Database-Listener-broker.INFO: SUCCESS: Books have been cached [] []
[2026-04-16T05:02:03.499825+00:00] Noetic-Database-Listener-broker.INFO: SUCCESS: Books have been cached [] []
[2026-04-16T05:02:03.518632+00:00] Noetic-Database-Listener-broker.INFO: SUCCESS: Books have been cached [] []
[2026-04-16T05:02:03.537543+00:00] Noetic-Database-Listener-broker.INFO: SUCCESS: Books have been cached [] []
[2026-04-16T05:02:03.538883+00:00] Noetic-Database-Listener-broker.INFO: SUCCESS: Book search for query: rind found 1 results [] []
[2026-04-16T05:02:03.539158+00:00] Noetic-Database-Listener-broker.INFO: Book search completed! [] []
[2026-04-16T05:08:15.954585+00:00] Noetic-Database-Listener-broker.INFO: SUCCESS: Books have been cached [] []
[2026-04-16T05:08:15.973572+00:00] Noetic-Database-Listener-broker.INFO: SUCCESS: Books have been cached [] []
[2026-04-16T05:08:15.993013+00:00] Noetic-Database-Listener-broker.INFO: SUCCESS: Books have been cached [] []
[2026-04-16T05:08:16.019477+00:00] Noetic-Database-Listener-broker.INFO: SUCCESS: Books have been cached [] []
[2026-04-16T05:08:16.048753+00:00] Noetic-Database-Listener-broker.INFO: SUCCESS: Books have been cached [] []
[2026-04-16T05:08:16.075071+00:00] Noetic-Database-Listener-broker.INFO: SUCCESS: Books have been cached [] []
[2026-04-16T05:08:16.110820+00:00] Noetic-Database-Listener-broker.INFO: SUCCESS: Books have been cached [] []
[2026-04-16T05:08:16.111994+00:00] Noetic-Database-Listener-broker.ERROR: ERROR: Failed to cache book: Out of range value for column 'published_year' at row 1  [] []
[2026-04-16T05:08:16.112819+00:00] Noetic-Database-Listener-broker.ERROR: ERROR: Failed to cache book: Out of range value for column 'published_year' at row 1  [] []
[2026-04-16T05:08:16.138111+00:00] Noetic-Database-Listener-broker.INFO: SUCCESS: Books have been cached [] []
[2026-04-16T05:08:16.138937+00:00] Noetic-Database-Listener-broker.INFO: SUCCESS: Book search for query: check found 1 results [] []
[2026-04-16T05:08:16.139210+00:00] Noetic-Database-Listener-broker.INFO: Book search completed! [] []
[2026-04-16T05:09:01.421208+00:00] Noetic-Database-Listener-broker.INFO: SUCCESS: Books have been cached [] []
[2026-04-16T05:09:01.449564+00:00] Noetic-Database-Listener-broker.INFO: SUCCESS: Books have been cached [] []
[2026-04-16T05:09:01.471184+00:00] Noetic-Database-Listener-broker.INFO: SUCCESS: Books have been cached [] []
[2026-04-16T05:09:01.489663+00:00] Noetic-Database-Listener-broker.INFO: SUCCESS: Books have been cached [] []
[2026-04-16T05:09:01.527928+00:00] Noetic-Database-Listener-broker.INFO: SUCCESS: Books have been cached [] []
[2026-04-16T05:09:01.554346+00:00] Noetic-Database-Listener-broker.INFO: SUCCESS: Books have been cached [] []
[2026-04-16T05:09:01.573785+00:00] Noetic-Database-Listener-broker.INFO: SUCCESS: Books have been cached [] []
[2026-04-16T05:09:01.623669+00:00] Noetic-Database-Listener-broker.INFO: SUCCESS: Books have been cached [] []
[2026-04-16T05:09:01.653763+00:00] Noetic-Database-Listener-broker.INFO: SUCCESS: Books have been cached [] []
[2026-04-16T05:09:01.691630+00:00] Noetic-Database-Listener-broker.INFO: SUCCESS: Books have been cached [] []
[2026-04-16T05:09:01.692932+00:00] Noetic-Database-Listener-broker.INFO: SUCCESS: Book search for query: hpa found 5 results [] []
[2026-04-16T05:09:01.693420+00:00] Noetic-Database-Listener-broker.INFO: Book search completed! [] []
