Fetching books from last 1 day(s) ... 
Error fetching book api :( HTTP code: 0
Failed to fetch data D:
url: https://www.googleapis.com/books/v1/volumes?q=search+terms?pubStartDate=2026-03-06T00%3A00%3A02Z&pubEndDate=2026-03-07T00%3A00%3A02Z&resultsPerPage=100
Fetching books from last 1 day(s) ... 
Error fetching book api :( HTTP code: 0
Failed to fetch data D:
PHP Parse error:  syntax error, unexpected integer "20", expecting identifier or variable or "{" or "$" in /home/jf489/dataCollection/fetchData.php on line 17
url: https://www.googleapis.com/books/v1/volumes?q=The+Name+Book&maxResults=10
Fetching books for search term:'The Name Book'... 
Google hates us, waiting 5 seconds...
Google hates us, waiting 5 seconds...
Google hates us, waiting 5 seconds...
Google hates us, waiting 5 seconds...
Google hates us, waiting 5 seconds...
Google hates us, waiting 5 seconds...
Google hates us, waiting 5 seconds...
Google hates us, waiting 5 seconds...
Google hates us, waiting 5 seconds...
Google hates us, waiting 5 seconds...
Google hates us, waiting 5 seconds...
Google hates us, waiting 5 seconds...
Google hates us, waiting 5 seconds...
Google hates us, waiting 5 seconds...
Google hates us, waiting 5 seconds...
Google hates us, waiting 5 seconds...
Google hates us, waiting 5 seconds...
Google hates us, waiting 5 seconds...
Google hates us, waiting 5 seconds...
Google hates us, waiting 5 seconds...
Google hates us, waiting 5 seconds...
Google hates us, waiting 5 seconds...
Google hates us, waiting 5 seconds...
Google hates us, waiting 5 seconds...
Google hates us, waiting 5 seconds...
Google hates us, waiting 5 seconds...
Google hates us, waiting 5 seconds...
Google hates us, waiting 5 seconds...
Google hates us, waiting 5 seconds...
Google hates us, waiting 5 seconds...
Google hates us, waiting 5 seconds...
Google hates us, waiting 5 seconds...
Google hates us, waiting 5 seconds...
Google hates us, waiting 5 seconds...
Google hates us, waiting 5 seconds...
Google hates us, waiting 5 seconds...
Error fetching book api :( 
HTTP code: 0
Failed to fetch data D:
