[2026-04-03T18:05:53.833153+00:00] Noetic-Deploy-Listener.INFO: version not given [] []
[2026-04-03T18:10:15.230306+00:00] Noetic-Deploy-Listener.INFO: version not given [] []
[2026-04-03T18:10:35.103001+00:00] Noetic-Deploy-Listener.INFO: version not given [] []
[2026-04-03T18:35:35.509586+00:00] Noetic-Deploy-Listener.INFO: version not given [] []
[2026-04-03T18:38:00.902685+00:00] Noetic-Deploy-Listener.INFO: version not given [] []
[2026-04-03T18:48:19.735526+00:00] Noetic-Deploy-Listener.INFO: version not given [] []
[2026-04-03T18:48:22.952060+00:00] Noetic-Deploy-Listener.INFO: bundle added [] []
[2026-04-03T18:52:31.871234+00:00] Noetic-Deploy-Listener.INFO: version given2 [] []
[2026-04-03T18:52:34.821566+00:00] Noetic-Deploy-Listener.INFO: bundle added [] []
[2026-04-03T22:42:11.576065+00:00] Noetic-Deploy-Listener.INFO: Name: broker_bundle_v2.tar Version: 2 Path: /home/it490/IT-490-002/Deployment/bundles/broker_bundle_v2.tar Status: new [] []
[2026-04-03T23:28:43.951788+00:00] Noetic-Deploy-Listener.INFO: Name: broker_bundle_v2.tar Version: 2 Path: /home/it490/IT-490-002/Deployment/bundles/broker_bundle_v2.tar Status: new [] []
[2026-04-04T06:11:43.023876+00:00] Noetic-Deploy-Listener.INFO: Name: broker_bundle_v2.tar Version: 2 Path: /home/it490/IT-490-002/Deployment/bundles/broker_bundle_v2.tar Status: new [] []
[2026-04-04T06:12:22.645663+00:00] Noetic-Deploy-Listener.INFO: Name: broker_bundle_v2.tar Version: 2 Path: /home/it490/IT-490-002/Deployment/bundles/broker_bundle_v2.tar Status: new [] []
[2026-04-04T18:17:46.273831+00:00] Noetic-Deploy-Listener.INFO: Name: broker_bundle_v2.tar Version: 2 Path: /home/it490/IT-490-002/Deployment/bundles/broker_bundle_v2.tar Status: new [] []
[2026-04-04T18:29:53.393046+00:00] Noetic-Deploy-Listener.INFO: Name: broker_bundle_v2.tar Version: 2 Path: /home/it490/IT-490-002/Deployment/bundles/broker_bundle_v2.tar Status: new [] []
[2026-04-05T03:19:22.321044+00:00] Noetic-Deploy-Listener.INFO: You selected: broker_bundle_v1.tar version 1  [] []
[2026-04-05T03:21:00.274793+00:00] Noetic-Deploy-Listener.INFO: You selected: broker_bundle_v1.tar version 1  [] []
[2026-04-05T03:25:15.346820+00:00] Noetic-Deploy-Listener.INFO: You selected: broker_bundle_v1.tar version 1  [] []
[2026-04-05T03:29:05.539674+00:00] Noetic-Deploy-Listener.INFO: You selected: broker_bundle_v1.tar version 1  [] []
[2026-04-05T03:31:13.348495+00:00] Noetic-Deploy-Listener.INFO: You selected: broker_bundle_v1.tar version 1  [] []
[2026-04-05T03:35:50.485914+00:00] Noetic-Deploy-Listener.INFO: You selected: broker_bundle_v1.tar version 1  [] []
[2026-04-05T03:38:14.635880+00:00] Noetic-Deploy-Listener.INFO: You selected: broker_bundle_v2.tar version 2  [] []
[2026-04-05T03:39:50.049193+00:00] Noetic-Deploy-Listener.INFO: You selected: broker_bundle_v1.tar version 1  [] []
[2026-04-05T03:41:25.466178+00:00] Noetic-Deploy-Listener.INFO: You selected: broker_bundle_v2.tar version 2  [] []
[2026-04-06T16:44:23.127215+00:00] Noetic-Deploy-Listener.INFO: version given3 [] []
[2026-04-06T16:44:47.087469+00:00] Noetic-Deploy-Listener.INFO: bundle added [] []
[2026-04-06T16:45:01.938217+00:00] Noetic-Deploy-Listener.INFO: You selected: back_bundle_v3.tar version 3  [] []
[2026-04-06T16:47:16.502364+00:00] Noetic-Deploy-Listener.INFO: version given3 [] []
[2026-04-06T16:47:19.701314+00:00] Noetic-Deploy-Listener.INFO: bundle added [] []
[2026-04-06T16:48:47.318135+00:00] Noetic-Deploy-Listener.INFO: You selected: back_bundle_v3.tar version 3  [] []
[2026-04-07T00:40:14.601290+00:00] Noetic-Deploy-Listener.INFO: version given3 [] []
[2026-04-07T00:40:23.081788+00:00] Noetic-Deploy-Listener.INFO: bundle added [] []
[2026-04-07T00:44:38.625941+00:00] Noetic-Deploy-Listener.INFO: version not given [] []
[2026-04-07T00:44:41.741579+00:00] Noetic-Deploy-Listener.INFO: bundle added [] []
[2026-04-07T00:45:11.032648+00:00] Noetic-Deploy-Listener.INFO: You selected: back_bundle_v1.tar version 1  [] []
[2026-04-07T00:47:32.220772+00:00] Noetic-Deploy-Listener.INFO: version not given [] []
[2026-04-07T00:49:20.597373+00:00] Noetic-Deploy-Listener.INFO: version not given [] []
[2026-04-07T00:49:23.317264+00:00] Noetic-Deploy-Listener.INFO: bundle added [] []
[2026-04-07T00:49:54.406487+00:00] Noetic-Deploy-Listener.INFO: You selected: front_bundle_v1.tar version 1  [] []
[2026-04-07T00:59:35.850146+00:00] Noetic-Deploy-Listener.INFO: version not given [] []
[2026-04-07T00:59:49.026331+00:00] Noetic-Deploy-Listener.INFO: bundle added [] []
[2026-04-07T01:00:03.580784+00:00] Noetic-Deploy-Listener.INFO: You selected: dmz_bundle_v1.tar version 1  [] []
[2026-04-07T01:00:25.520880+00:00] Noetic-Deploy-Listener.INFO: version not given [] []
[2026-04-07T01:00:58.536115+00:00] Noetic-Deploy-Listener.INFO: version not given [] []
[2026-04-07T01:01:01.344167+00:00] Noetic-Deploy-Listener.INFO: bundle added [] []
[2026-04-07T01:01:14.859809+00:00] Noetic-Deploy-Listener.INFO: You selected: dmz_bundle_v1.tar version 1  [] []
[2026-04-07T01:04:31.815899+00:00] Noetic-Deploy-Listener.INFO: You selected: front_bundle_v1.tar version 1  [] []
[2026-04-07T01:07:33.929174+00:00] Noetic-Deploy-Listener.INFO: You selected: back_bundle_v1.tar version 1  [] []
[2026-04-07T01:08:00.673632+00:00] Noetic-Deploy-Listener.INFO: You selected: dmz_bundle_v1.tar version 1  [] []
[2026-04-07T01:32:28.400252+00:00] Noetic-Deploy-Listener.INFO: You selected: back_bundle_v1.tar version 1  [] []
[2026-04-07T01:36:26.046337+00:00] Noetic-Deploy-Listener.INFO: You selected: back_bundle_v1.tar version 1  [] []
[2026-04-07T01:51:16.422364+00:00] Noetic-Deploy-Listener.INFO: You selected: front_bundle_v1.tar version 1  [] []
[2026-04-07T01:52:09.839972+00:00] Noetic-Deploy-Listener.INFO: You selected: front_bundle_v1.tar version 1  [] []
[2026-04-07T02:00:14.155532+00:00] Noetic-Deploy-Listener.INFO: You selected: dmz_bundle_v1.tar version 1  [] []
[2026-04-07T02:03:02.209663+00:00] Noetic-Deploy-Listener.INFO: You selected: dmz_bundle_v1.tar version 1  [] []
[2026-04-07T04:20:32.993072+00:00] Noetic-Deploy-Listener.INFO: version not given [] []
[2026-04-07T04:20:36.981413+00:00] Noetic-Deploy-Listener.INFO: bundle added [] []
[2026-04-07T04:40:13.069713+00:00] Noetic-Deploy-Listener.INFO: You selected: front_bundle_v1.tar version 1  [] []
[2026-04-07T04:40:42.382558+00:00] Noetic-Deploy-Listener.INFO: You selected: front_bundle_v1.tar version 1  [] []
[2026-04-07T04:48:24.769518+00:00] Noetic-Deploy-Listener.INFO: You selected: Frontend_bundle_v1.tar version 1  [] []
[2026-04-07T04:50:14.761492+00:00] Noetic-Deploy-Listener.INFO: version not given [] []
[2026-04-07T04:50:21.233899+00:00] Noetic-Deploy-Listener.INFO: bundle added [] []
[2026-04-07T04:50:44.845462+00:00] Noetic-Deploy-Listener.INFO: version not given [] []
[2026-04-07T04:50:50.294919+00:00] Noetic-Deploy-Listener.INFO: bundle added [] []
[2026-04-07T04:50:55.600715+00:00] Noetic-Deploy-Listener.INFO: version not given [] []
[2026-04-07T04:51:00.844090+00:00] Noetic-Deploy-Listener.INFO: bundle added [] []
[2026-04-07T04:51:23.370482+00:00] Noetic-Deploy-Listener.INFO: You selected: Frontend_bundle_v1.tar version 1  [] []
[2026-04-07T04:56:42.082860+00:00] Noetic-Deploy-Listener.INFO: You selected: Dmz_bundle_v1.tar version 1  [] []
[2026-04-07T05:03:51.609055+00:00] Noetic-Deploy-Listener.INFO: You selected: Dmz_bundle_v1.tar version 1  [] []
[2026-04-08T01:28:06.595783+00:00] Noetic-Deploy-Listener.INFO: version given2 [] []
[2026-04-08T01:28:12.104557+00:00] Noetic-Deploy-Listener.INFO: bundle added [] []
[2026-04-08T01:29:41.160219+00:00] Noetic-Deploy-Listener.INFO: You selected: Dmz_bundle_v2.tar version 2  [] []
[2026-04-08T01:32:40.508939+00:00] Noetic-Deploy-Listener.INFO: version given3 [] []
[2026-04-08T01:32:45.773816+00:00] Noetic-Deploy-Listener.INFO: bundle added [] []
[2026-04-08T01:33:29.077197+00:00] Noetic-Deploy-Listener.INFO: You selected: Dmz_bundle_v3.tar version 3  [] []
[2026-04-08T01:39:20.195924+00:00] Noetic-Deploy-Listener.INFO: You selected: Dmz_bundle_v3.tar version 3  [] []
[2026-04-08T01:40:24.194428+00:00] Noetic-Deploy-Listener.INFO: You selected: Dmz_bundle_v3.tar version 3  [] []
[2026-04-08T01:48:43.359309+00:00] Noetic-Deploy-Listener.INFO: You selected: Dmz_bundle_v3.tar version 3  [] []
[2026-04-08T01:55:29.785064+00:00] Noetic-Deploy-Listener.INFO: version given4 [] []
[2026-04-08T01:55:35.230849+00:00] Noetic-Deploy-Listener.INFO: bundle added [] []
[2026-04-08T01:56:22.371807+00:00] Noetic-Deploy-Listener.INFO: version given5 [] []
[2026-04-08T01:56:34.958654+00:00] Noetic-Deploy-Listener.INFO: bundle added [] []
[2026-04-08T01:57:22.047600+00:00] Noetic-Deploy-Listener.INFO: You selected: Dmz_bundle_v5.tar version 5  [] []
[2026-04-08T01:58:47.063341+00:00] Noetic-Deploy-Listener.INFO: You selected: Dmz_bundle_v5.tar version 5  [] []
[2026-04-08T01:59:07.163657+00:00] Noetic-Deploy-Listener.INFO: You selected: Dmz_bundle_v4.tar version 4  [] []
[2026-04-08T02:00:00.810661+00:00] Noetic-Deploy-Listener.INFO: You selected: Dmz_bundle_v4.tar version 4  [] []
[2026-04-08T15:30:28.903962+00:00] Noetic-Deploy-Listener.INFO: version not given [] []
[2026-04-08T15:30:35.108899+00:00] Noetic-Deploy-Listener.INFO: bundle added [] []
[2026-04-08T15:30:44.446232+00:00] Noetic-Deploy-Listener.INFO: version not given [] []
[2026-04-08T15:30:57.527996+00:00] Noetic-Deploy-Listener.INFO: bundle added [] []
[2026-04-08T15:31:02.676992+00:00] Noetic-Deploy-Listener.INFO: version not given [] []
[2026-04-08T15:31:11.143085+00:00] Noetic-Deploy-Listener.INFO: bundle added [] []
[2026-04-08T15:52:52.378486+00:00] Noetic-Deploy-Listener.INFO: You selected: Frontend_bundle_v1.tar version 1  [] []
[2026-04-08T15:56:11.259346+00:00] Noetic-Deploy-Listener.INFO: You selected: Frontend_bundle_v1.tar version 1  [] []
[2026-04-08T15:58:12.275959+00:00] Noetic-Deploy-Listener.INFO: You selected: Frontend_bundle_v1.tar version 1  [] []
[2026-04-08T16:17:21.404216+00:00] Noetic-Deploy-Listener.INFO: version given2 [] []
[2026-04-08T16:17:27.827326+00:00] Noetic-Deploy-Listener.INFO: bundle added [] []
[2026-04-08T16:18:05.839772+00:00] Noetic-Deploy-Listener.INFO: You selected: Frontend_bundle_v2.tar version 2  [] []
[2026-04-08T16:19:00.831482+00:00] Noetic-Deploy-Listener.INFO: You selected: Frontend_bundle_v1.tar version 1  [] []
[2026-04-08T16:20:48.718968+00:00] Noetic-Deploy-Listener.INFO: version given3 [] []
[2026-04-08T16:21:00.255010+00:00] Noetic-Deploy-Listener.INFO: bundle added [] []
[2026-04-08T16:21:29.015729+00:00] Noetic-Deploy-Listener.INFO: You selected: Frontend_bundle_v3.tar version 3  [] []
[2026-04-08T16:22:20.447657+00:00] Noetic-Deploy-Listener.INFO: You selected: Frontend_bundle_v3.tar version 3  [] []
[2026-04-08T16:34:51.853849+00:00] Noetic-Deploy-Listener.INFO: version given4 [] []
[2026-04-08T16:35:50.545163+00:00] Noetic-Deploy-Listener.INFO: bundle added [] []
[2026-04-08T16:36:08.489395+00:00] Noetic-Deploy-Listener.INFO: You selected: Frontend_bundle_v4.tar version 4  [] []
[2026-04-08T16:39:34.982023+00:00] Noetic-Deploy-Listener.INFO: You selected: Frontend_bundle_v4.tar version 4  [] []
[2026-04-08T16:39:48.906505+00:00] Noetic-Deploy-Listener.INFO: You selected: Frontend_bundle_v1.tar version 1  [] []
