
[2026-03-11T17:17:01+00:00] The cron has begun...
Fetched book with api_book_id: tY4zrGsW_fUC
Fetched book with api_book_id: 6D0OAQAAIAAJ
Fetched book with api_book_id: DJf1Vy2JXg8C
Fetched book with api_book_id: krHxAwAAQBAJ
Fetched book with api_book_id: WUa82PCEzfkC
Fetched book with api_book_id: 6pDTAAAACAAJ
Fetched book with api_book_id: er6BmgEACAAJ
Fetched book with api_book_id: pca1GAAACAAJ
Fetched book with api_book_id: HnQ3NAEACAAJ
Fetched book with api_book_id: VDwaCce2C94C
[2026-03-11T17:17:01+00:00] The cron has finished.
url: https://www.googleapis.com/books/v1/volumes?q=The+Cat+in+the+Hat&maxResults=10&key=AIzaSyDYJbl3JpctqD5r3bn_qF4LkCzBvjOfdQI
Fetching books for search term:'The Cat in the Hat'... 
https://www.googleapis.com/books/v1/volumes?q=The+Cat+in+the+Hat&maxResults=10&key=AIzaSyDYJbl3JpctqD5r3bn_qF4LkCzBvjOfdQIArray
(
    [0] => Array
        (
            [api_book_id] => tY4zrGsW_fUC
            [isbn] => 0307930440
            [title] => The Cat in the Hat.
            [subtitle] => Book and Hat
            [author] => Dr. Seuss
            [description] => Two children sitting at home on a rainy day are visited by the cat who shows them some tricks and games.
            [cover_url] => http://books.google.com/books/content?id=tY4zrGsW_fUC&printsec=frontcover&img=1&zoom=1&edge=curl&source=gbs_api
            [publisher] => 
            [published_year] => 2012
            [genre] => Juvenile Fiction
            [maturity_rating] => NOT_MATURE
            [content_version] => 0.5.3.0.preview.0
            [pages] => 73
        )

    [1] => Array
        (
            [api_book_id] => 6D0OAQAAIAAJ
            [isbn] => 
            [title] => The Cat in the Hat
            [subtitle] => 
            [author] => Theodor Seuss Geisel
            [description] => One rainy day a most unusual cat visited Sally and her brother. He showed them several new gamws and trickes.
            [cover_url] => http://books.google.com/books/content?id=6D0OAQAAIAAJ&printsec=frontcover&img=1&zoom=1&source=gbs_api
            [publisher] => 
            [published_year] => 1957
            [genre] => Cats
            [maturity_rating] => NOT_MATURE
            [content_version] => 0.4.4.0.preview.0
            [pages] => 72
        )

    [2] => Array
        (
            [api_book_id] => DJf1Vy2JXg8C
            [isbn] => 9780375825026
            [title] => The Cat in the Hat Movie Storybook
            [subtitle] => 
            [author] => Justine Fontes
            [description] => "The kids slumped in their chairs Too glum to complain. And to make matters worse, It started to rain . . . " The Cat has arrived, and he's got a hat full of fun to save Conrad and Sally from a boring rainy afternoon. Written in buoyant easy-to-read prose (with more than a few hilarious asides from the pesky Fish), this official movie storybook is packed with full-color photos from the first-ever live-action film of the Dr. Seuss classic, starring Mike Meyers!
            [cover_url] => http://books.google.com/books/content?id=DJf1Vy2JXg8C&printsec=frontcover&img=1&zoom=1&source=gbs_api
            [publisher] => Random House Books for Young Readers
            [published_year] => 2003
            [genre] => Juvenile Fiction
            [maturity_rating] => NOT_MATURE
            [content_version] => 0.4.2.0.preview.0
            [pages] => 48
        )

    [3] => Array
        (
            [api_book_id] => krHxAwAAQBAJ
            [isbn] => 0385373511
            [title] => The Cat in the Hat Comes Back
            [subtitle] => 
            [author] => Dr. Seuss
            [description] => NATIONAL BESTSELLER • The riotously funny follow-up to The Cat in the Hat! COMING IN 2026—A MAJOR MOTION PICTURE STARRING BILL HADER AS THE CAT IN THE HAT The Cat is back—along with some surprise friends—in this beloved Beginner Book by Dr. Seuss. Dick and Sally have no time to play. It's winter and they have mountains of snow to shovel. So when the Cat comes to visit, he decides to go inside and to take a bath. No problem, right? Wrong! The pink ring he leaves in the tub creates is a very BIG pink problem when he transfers the stubborn stain from the bath onto Mother's white dress, Dad's shoes, the floors, the walls, and ultimately, over the entire yard full of snow! Will the kids EVER clean up the mess? You bet they will, with some help from the Cat and his helpers: 26 miniature cats (AKA Little Cats A-Z) who live inside the Cat's hat! This classic Dr. Seuss story is the perfect choice for beginning readers and read-alouds, especially on snow days! Beginner Books are fun, funny, and easy to read! Launched by Dr. Seuss in 1957 with the publication of The Cat in the Hat, this beloved early reader series motivates children to read on their own by using simple words with illustrations that give clues to their meaning. Featuring a combination of kid appeal, supportive vocabulary, and bright, cheerful art, Beginner Books will encourage a love of reading in children.
            [cover_url] => http://books.google.com/books/content?id=krHxAwAAQBAJ&printsec=frontcover&img=1&zoom=1&edge=curl&source=gbs_api
            [publisher] => RH Childrens Books
            [published_year] => 2013
            [genre] => Juvenile Fiction
            [maturity_rating] => NOT_MATURE
            [content_version] => 2.4.2.0.preview.3
            [pages] => 36
        )

    [4] => Array
        (
            [api_book_id] => WUa82PCEzfkC
            [isbn] => 0007264178
            [title] => The Cat in the Hat
            [subtitle] => 
            [author] => Seuss
            [description] => A beautiful board book edition of Dr. Seuss' timeless classic, The Cat in the Hat. Perfect for little cat fans! When Sally and her brother are left alone, they think they're in for a boring day - until the Cat in the Hat arrives, bringing mayhem! This abridged edition of The Cat in the Hat has all the fun and madness of a day spent with the wacky cat, in a sturdy, toddler-resistant board book format.
            [cover_url] => http://books.google.com/books/content?id=WUa82PCEzfkC&printsec=frontcover&img=1&zoom=1&source=gbs_api
            [publisher] => HarperCollins UK
            [published_year] => 2008
            [genre] => Family & Relationships
            [maturity_rating] => NOT_MATURE
            [content_version] => 0.3.1.0.preview.0
            [pages] => 26
        )

    [5] => Array
        (
            [api_book_id] => 6pDTAAAACAAJ
            [isbn] => 9780007247882
            [title] => The Complete Cat in the Hat
            [subtitle] => 
            [author] => Dr. Seuss
            [description] => When Conrad and Sally are left alone, they think they are in for a boring day - until the Cat in the Hat arrives, bringing mayhem!
            [cover_url] => http://books.google.com/books/content?id=6pDTAAAACAAJ&printsec=frontcover&img=1&zoom=1&source=gbs_api
            [publisher] => 
            [published_year] => 2007
            [genre] => Cat in the Hat (Fictitious character)
            [maturity_rating] => NOT_MATURE
            [content_version] => preview-1.0.0
            [pages] => 136
        )

    [6] => Array
        (
            [api_book_id] => pca1GAAACAAJ
            [isbn] => 9780001006539
            [title] => The Cat in the Hat Comes Back
            [subtitle] => 
            [author] => Dr. Seuss
            [description] => "The Cat in the Hat" Comes Back in a brand-new, picture book-size, jacketed edition A madcap adventure featuring the Cat, mountains of pink snow, and an army of Little Cats, this highly collectible edition makes a perfect gift for Seuss fans of all ages--especially when combined with a copy of the new jacketed, picture book-size Cat in the Hat. Even the most finicky Cat Lover will purr with delight "
            [cover_url] => http://books.google.com/books/content?id=pca1GAAACAAJ&printsec=frontcover&img=1&zoom=1&source=gbs_api
            [publisher] => Collins
            [published_year] => 1995
            [genre] => Cat in the Hat (Fictitious character)
            [maturity_rating] => NOT_MATURE
            [content_version] => preview-1.0.0
            [pages] => 26
        )

    [7] => Array
        (
            [api_book_id] => er6BmgEACAAJ
            [isbn] => 9780007181452
            [title] => The Cat in the Hat
            [subtitle] => 
            [author] => Dr. Seuss
            [description] => 
            [cover_url] => http://books.google.com/books/content?id=er6BmgEACAAJ&printsec=frontcover&img=1&zoom=1&source=gbs_api
            [publisher] => 
            [published_year] => 2004
            [genre] => Cat in the Hat (Fictitious character)
            [maturity_rating] => NOT_MATURE
            [content_version] => preview-1.0.0
            [pages] => 0
        )

    [8] => Array
        (
            [api_book_id] => HnQ3NAEACAAJ
            [isbn] => 9780007355549
            [title] => The Cat in the Hat Comes Back!
            [subtitle] => 
            [author] => Dr. Seuss
            [description] => The cat leaves a big pink ring in the tub and moves it from place to place with the help of his alphabet friends.
            [cover_url] => http://books.google.com/books/content?id=HnQ3NAEACAAJ&printsec=frontcover&img=1&zoom=1&source=gbs_api
            [publisher] => HarperCollins Children's Books
            [published_year] => 2011
            [genre] => Cat in the Hat (Fictitious character)
            [maturity_rating] => NOT_MATURE
            [content_version] => preview-1.0.0
            [pages] => 64
        )

    [9] => Array
        (
            [api_book_id] => VDwaCce2C94C
            [isbn] => 9780375829017
            [title] => Dr. Seuss' The Cat in the Hat
            [subtitle] => The Movie!
            [author] => Jesse Leon McCann
            [description] => The Cat in the Hat shows Conrad and Sally how to have fun and helps them clean up before Mother comes home.
            [cover_url] => http://books.google.com/books/content?id=VDwaCce2C94C&printsec=frontcover&img=1&zoom=1&source=gbs_api
            [publisher] => Golden Books
            [published_year] => 2003
            [genre] => Cat in the Hat (Fictitious character)
            [maturity_rating] => NOT_MATURE
            [content_version] => 0.4.1.0.preview.0
            [pages] => 32
        )

)
PHP Fatal error:  Uncaught PhpAmqpLib\Exception\AMQPIOException: stream_socket_client(): Unable to connect to tcp://100.101.27.73:5672 (Connection timed out) in /home/it490/IT-490-002/DMZ/vendor/php-amqplib/php-amqplib/PhpAmqpLib/Wire/IO/StreamIO.php:95
Stack trace:
#0 /home/it490/IT-490-002/DMZ/vendor/php-amqplib/php-amqplib/PhpAmqpLib/Connection/AbstractConnection.php(253): PhpAmqpLib\Wire\IO\StreamIO->connect()
#1 /home/it490/IT-490-002/DMZ/vendor/php-amqplib/php-amqplib/PhpAmqpLib/Connection/AbstractConnection.php(235): PhpAmqpLib\Connection\AbstractConnection->connect()
#2 /home/it490/IT-490-002/DMZ/vendor/php-amqplib/php-amqplib/PhpAmqpLib/Connection/AMQPStreamConnection.php(71): PhpAmqpLib\Connection\AbstractConnection->__construct()
#3 /home/it490/IT-490-002/DMZ/rabbitmqPublish.php(11): PhpAmqpLib\Connection\AMQPStreamConnection->__construct()
#4 /home/it490/IT-490-002/DMZ/fetchData.php(81): publishToRabbit()
#5 /home/it490/IT-490-002/DMZ/fetchData.php(103): processPublishBooks()
#6 /home/it490/IT-490-002/DMZ/fetchDataCron.php(3): require_once('...')
#7 {main}
  thrown in /home/it490/IT-490-002/DMZ/vendor/php-amqplib/php-amqplib/PhpAmqpLib/Wire/IO/StreamIO.php on line 95
url: https://www.googleapis.com/books/v1/volumes?q=The+Cat+in+the+Hat&maxResults=10&key=AIzaSyDYJbl3JpctqD5r3bn_qF4LkCzBvjOfdQI
Fetching books for search term:'The Cat in the Hat'... 
https://www.googleapis.com/books/v1/volumes?q=The+Cat+in+the+Hat&maxResults=10&key=AIzaSyDYJbl3JpctqD5r3bn_qF4LkCzBvjOfdQIError fetching book api :( 
HTTP code: 0
Failed to fetch data D:
url: https://www.googleapis.com/books/v1/volumes?q=The+Cat+in+the+Hat&maxResults=10&key=AIzaSyDYJbl3JpctqD5r3bn_qF4LkCzBvjOfdQI
Fetching books for search term:'The Cat in the Hat'... 
https://www.googleapis.com/books/v1/volumes?q=The+Cat+in+the+Hat&maxResults=10&key=AIzaSyDYJbl3JpctqD5r3bn_qF4LkCzBvjOfdQIError fetching book api :( 
HTTP code: 0
Failed to fetch data D:
url: https://www.googleapis.com/books/v1/volumes?q=The+Cat+in+the+Hat&maxResults=10&key=AIzaSyDYJbl3JpctqD5r3bn_qF4LkCzBvjOfdQI
Fetching books for search term:'The Cat in the Hat'... 
https://www.googleapis.com/books/v1/volumes?q=The+Cat+in+the+Hat&maxResults=10&key=AIzaSyDYJbl3JpctqD5r3bn_qF4LkCzBvjOfdQIError fetching book api :( 
HTTP code: 0
Failed to fetch data D:
url: https://www.googleapis.com/books/v1/volumes?q=The+Cat+in+the+Hat&maxResults=10&key=AIzaSyDYJbl3JpctqD5r3bn_qF4LkCzBvjOfdQI
Fetching books for search term:'The Cat in the Hat'... 
https://www.googleapis.com/books/v1/volumes?q=The+Cat+in+the+Hat&maxResults=10&key=AIzaSyDYJbl3JpctqD5r3bn_qF4LkCzBvjOfdQIError fetching book api :( 
HTTP code: 0
Failed to fetch data D:
url: https://www.googleapis.com/books/v1/volumes?q=The+Cat+in+the+Hat&maxResults=10&key=AIzaSyDYJbl3JpctqD5r3bn_qF4LkCzBvjOfdQI
Fetching books for search term:'The Cat in the Hat'... 
https://www.googleapis.com/books/v1/volumes?q=The+Cat+in+the+Hat&maxResults=10&key=AIzaSyDYJbl3JpctqD5r3bn_qF4LkCzBvjOfdQIError fetching book api :( 
HTTP code: 0
Failed to fetch data D:
